This is pdfTeX, Version 3.141592653-2.6-1.40.29 (MiKTeX 26.1) (preloaded format=pdflatex 2026.2.5)  7 APR 2026 18:05
entering extended mode
 restricted \write18 enabled.
 %&-line parsing enabled.
**./Loan-Analysis.tex
(Loan-Analysis.tex
LaTeX2e <2025-11-01>
L3 programming layer <2026-01-19>

(C:\Users\Mitchelle Andrews\AppData\Local\Programs\MiKTeX\tex/latex/base\articl
e.cls
Document Class: article 2025/01/22 v1.4n Standard LaTeX document class

(C:\Users\Mitchelle Andrews\AppData\Local\Programs\MiKTeX\tex/latex/base\size10
.clo
File: size10.clo 2025/01/22 v1.4n Standard LaTeX file (size option)
)
\c@part=\count275
\c@section=\count276
\c@subsection=\count277
\c@subsubsection=\count278
\c@paragraph=\count279
\c@subparagraph=\count280
\c@figure=\count281
\c@table=\count282
\abovecaptionskip=\skip49
\belowcaptionskip=\skip50
\bibindent=\dimen148
)
(C:\Users\Mitchelle Andrews\AppData\Local\Programs\MiKTeX\tex/latex/xcolor\xcol
or.sty
Package: xcolor 2024/09/29 v3.02 LaTeX color extensions (UK)

(C:\Users\Mitchelle Andrews\AppData\Local\Programs\MiKTeX\tex/latex/graphics-cf
g\color.cfg
File: color.cfg 2016/01/02 v1.6 sample color configuration
)
Package xcolor Info: Driver file: pdftex.def on input line 274.

(C:\Users\Mitchelle Andrews\AppData\Local\Programs\MiKTeX\tex/latex/graphics-de
f\pdftex.def
File: pdftex.def 2025/09/29 v1.2d Graphics/color driver for pdftex
)
(C:\Users\Mitchelle Andrews\AppData\Local\Programs\MiKTeX\tex/latex/graphics\ma
thcolor.ltx)
Package xcolor Info: Model `cmy' substituted by `cmy0' on input line 1349.
Package xcolor Info: Model `hsb' substituted by `rgb' on input line 1353.
Package xcolor Info: Model `RGB' extended on input line 1365.
Package xcolor Info: Model `HTML' substituted by `rgb' on input line 1367.
Package xcolor Info: Model `Hsb' substituted by `hsb' on input line 1368.
Package xcolor Info: Model `tHsb' substituted by `hsb' on input line 1369.
Package xcolor Info: Model `HSB' substituted by `hsb' on input line 1370.
Package xcolor Info: Model `Gray' substituted by `gray' on input line 1371.
Package xcolor Info: Model `wave' substituted by `hsb' on input line 1372.
)
(C:\Users\Mitchelle Andrews\AppData\Local\Programs\MiKTeX\tex/latex/geometry\ge
ometry.sty
Package: geometry 2020/01/02 v5.9 Page Geometry

(C:\Users\Mitchelle Andrews\AppData\Local\Programs\MiKTeX\tex/latex/graphics\ke
yval.sty
Package: keyval 2022/05/29 v1.15 key=value parser (DPC)
\KV@toks@=\toks17
)
(C:\Users\Mitchelle Andrews\AppData\Local\Programs\MiKTeX\tex/generic/iftex\ifv
tex.sty
Package: ifvtex 2019/10/25 v1.7 ifvtex legacy package. Use iftex instead.

(C:\Users\Mitchelle Andrews\AppData\Local\Programs\MiKTeX\tex/generic/iftex\ift
ex.sty
Package: iftex 2024/12/12 v1.0g TeX engine tests
))
\Gm@cnth=\count283
\Gm@cntv=\count284
\c@Gm@tempcnt=\count285
\Gm@bindingoffset=\dimen149
\Gm@wd@mp=\dimen150
\Gm@odd@mp=\dimen151
\Gm@even@mp=\dimen152
\Gm@layoutwidth=\dimen153
\Gm@layoutheight=\dimen154
\Gm@layouthoffset=\dimen155
\Gm@layoutvoffset=\dimen156
\Gm@dimlist=\toks18

(C:\Users\Mitchelle Andrews\AppData\Local\Programs\MiKTeX\tex/latex/geometry\ge
ometry.cfg))
(C:\Users\Mitchelle Andrews\AppData\Local\Programs\MiKTeX\tex/latex/amsmath\ams
math.sty
Package: amsmath 2025/07/09 v2.17z AMS math features
\@mathmargin=\skip51
For additional information on amsmath, use the `?' option.

(C:\Users\Mitchelle Andrews\AppData\Local\Programs\MiKTeX\tex/latex/amsmath\ams
text.sty
Package: amstext 2024/11/17 v2.01 AMS text

(C:\Users\Mitchelle Andrews\AppData\Local\Programs\MiKTeX\tex/latex/amsmath\ams
gen.sty
File: amsgen.sty 1999/11/30 v2.0 generic functions
\@emptytoks=\toks19
\ex@=\dimen157
))
(C:\Users\Mitchelle Andrews\AppData\Local\Programs\MiKTeX\tex/latex/amsmath\ams
bsy.sty
Package: amsbsy 1999/11/29 v1.2d Bold Symbols
\pmbraise@=\dimen158
)
(C:\Users\Mitchelle Andrews\AppData\Local\Programs\MiKTeX\tex/latex/amsmath\ams
opn.sty
Package: amsopn 2022/04/08 v2.04 operator names
)
\inf@bad=\count286
LaTeX Info: Redefining \frac on input line 233.
\uproot@=\count287
\leftroot@=\count288
LaTeX Info: Redefining \overline on input line 398.
LaTeX Info: Redefining \colon on input line 409.
\classnum@=\count289
\DOTSCASE@=\count290
LaTeX Info: Redefining \ldots on input line 495.
LaTeX Info: Redefining \dots on input line 498.
LaTeX Info: Redefining \cdots on input line 619.
\Mathstrutbox@=\box53
\strutbox@=\box54
LaTeX Info: Redefining \big on input line 721.
LaTeX Info: Redefining \Big on input line 722.
LaTeX Info: Redefining \bigg on input line 723.
LaTeX Info: Redefining \Bigg on input line 724.
\big@size=\dimen159
LaTeX Font Info:    Redeclaring font encoding OML on input line 742.
LaTeX Font Info:    Redeclaring font encoding OMS on input line 743.
\macc@depth=\count291
LaTeX Info: Redefining \bmod on input line 904.
LaTeX Info: Redefining \pmod on input line 909.
LaTeX Info: Redefining \smash on input line 939.
LaTeX Info: Redefining \relbar on input line 969.
LaTeX Info: Redefining \Relbar on input line 970.
\c@MaxMatrixCols=\count292
\dotsspace@=\muskip17
\c@parentequation=\count293
\dspbrk@lvl=\count294
\tag@help=\toks20
\row@=\count295
\column@=\count296
\maxfields@=\count297
\andhelp@=\toks21
\eqnshift@=\dimen160
\alignsep@=\dimen161
\tagshift@=\dimen162
\tagwidth@=\dimen163
\totwidth@=\dimen164
\lineht@=\dimen165
\@envbody=\toks22
\multlinegap=\skip52
\multlinetaggap=\skip53
\mathdisplay@stack=\toks23
LaTeX Info: Redefining \[ on input line 2950.
LaTeX Info: Redefining \] on input line 2951.
)
(C:\Users\Mitchelle Andrews\AppData\Local\Programs\MiKTeX\tex/latex/amsfonts\am
ssymb.sty
Package: amssymb 2013/01/14 v3.01 AMS font symbols

(C:\Users\Mitchelle Andrews\AppData\Local\Programs\MiKTeX\tex/latex/amsfonts\am
sfonts.sty
Package: amsfonts 2013/01/14 v3.01 Basic AMSFonts support
\symAMSa=\mathgroup4
\symAMSb=\mathgroup5
LaTeX Font Info:    Redeclaring math symbol \hbar on input line 98.
LaTeX Font Info:    Overwriting math alphabet `\mathfrak' in version `bold'
(Font)                  U/euf/m/n --> U/euf/b/n on input line 106.
))
(C:\Users\Mitchelle Andrews\AppData\Local\Programs\MiKTeX\tex/latex/base\fonten
c.sty
Package: fontenc 2025/07/18 v2.1d Standard LaTeX package
)
(C:\Users\Mitchelle Andrews\AppData\Local\Programs\MiKTeX\tex/latex/base\inpute
nc.sty
Package: inputenc 2024/02/08 v1.3d Input encoding file
\inpenc@prehook=\toks24
\inpenc@posthook=\toks25
)
(C:\Users\Mitchelle Andrews\AppData\Local\Programs\MiKTeX\tex/latex/base\textco
mp.sty
Package: textcomp 2024/04/24 v2.1b Standard LaTeX package
)
(C:\Users\Mitchelle Andrews\AppData\Local\Programs\MiKTeX\tex/latex/lm\lmodern.
sty
Package: lmodern 2015/05/01 v1.6.1 Latin Modern Fonts
LaTeX Font Info:    Overwriting symbol font `operators' in version `normal'
(Font)                  OT1/cmr/m/n --> OT1/lmr/m/n on input line 22.
LaTeX Font Info:    Overwriting symbol font `letters' in version `normal'
(Font)                  OML/cmm/m/it --> OML/lmm/m/it on input line 23.
LaTeX Font Info:    Overwriting symbol font `symbols' in version `normal'
(Font)                  OMS/cmsy/m/n --> OMS/lmsy/m/n on input line 24.
LaTeX Font Info:    Overwriting symbol font `largesymbols' in version `normal'
(Font)                  OMX/cmex/m/n --> OMX/lmex/m/n on input line 25.
LaTeX Font Info:    Overwriting symbol font `operators' in version `bold'
(Font)                  OT1/cmr/bx/n --> OT1/lmr/bx/n on input line 26.
LaTeX Font Info:    Overwriting symbol font `letters' in version `bold'
(Font)                  OML/cmm/b/it --> OML/lmm/b/it on input line 27.
LaTeX Font Info:    Overwriting symbol font `symbols' in version `bold'
(Font)                  OMS/cmsy/b/n --> OMS/lmsy/b/n on input line 28.
LaTeX Font Info:    Overwriting symbol font `largesymbols' in version `bold'
(Font)                  OMX/cmex/m/n --> OMX/lmex/m/n on input line 29.
LaTeX Font Info:    Overwriting math alphabet `\mathbf' in version `normal'
(Font)                  OT1/cmr/bx/n --> OT1/lmr/bx/n on input line 31.
LaTeX Font Info:    Overwriting math alphabet `\mathsf' in version `normal'
(Font)                  OT1/cmss/m/n --> OT1/lmss/m/n on input line 32.
LaTeX Font Info:    Overwriting math alphabet `\mathit' in version `normal'
(Font)                  OT1/cmr/m/it --> OT1/lmr/m/it on input line 33.
LaTeX Font Info:    Overwriting math alphabet `\mathtt' in version `normal'
(Font)                  OT1/cmtt/m/n --> OT1/lmtt/m/n on input line 34.
LaTeX Font Info:    Overwriting math alphabet `\mathbf' in version `bold'
(Font)                  OT1/cmr/bx/n --> OT1/lmr/bx/n on input line 35.
LaTeX Font Info:    Overwriting math alphabet `\mathsf' in version `bold'
(Font)                  OT1/cmss/bx/n --> OT1/lmss/bx/n on input line 36.
LaTeX Font Info:    Overwriting math alphabet `\mathit' in version `bold'
(Font)                  OT1/cmr/bx/it --> OT1/lmr/bx/it on input line 37.
LaTeX Font Info:    Overwriting math alphabet `\mathtt' in version `bold'
(Font)                  OT1/cmtt/m/n --> OT1/lmtt/m/n on input line 38.
)
(C:\Users\Mitchelle Andrews\AppData\Local\Programs\MiKTeX\tex/latex/upquote\upq
uote.sty
Package: upquote 2012/04/19 v1.3 upright-quote and grave-accent glyphs in verba
tim
)
(C:\Users\Mitchelle Andrews\AppData\Local\Programs\MiKTeX\tex/latex/microtype\m
icrotype.sty
Package: microtype 2025/07/09 v3.2b Micro-typographical refinements (RS)

(C:\Users\Mitchelle Andrews\AppData\Local\Programs\MiKTeX\tex/latex/etoolbox\et
oolbox.sty
Package: etoolbox 2025/10/02 v2.5m e-TeX tools for LaTeX (JAW)
\etb@tempcnta=\count298
)
\MT@toks=\toks26
\MT@tempbox=\box55
\MT@count=\count299
LaTeX Info: Redefining \noprotrusionifhmode on input line 1087.
LaTeX Info: Redefining \leftprotrusion on input line 1088.
\MT@prot@toks=\toks27
LaTeX Info: Redefining \rightprotrusion on input line 1107.
LaTeX Info: Redefining \textls on input line 1449.
\MT@outer@kern=\dimen166
LaTeX Info: Redefining \microtypecontext on input line 2053.
LaTeX Info: Redefining \textmicrotypecontext on input line 2070.
\MT@listname@count=\count300

(C:\Users\Mitchelle Andrews\AppData\Local\Programs\MiKTeX\tex/latex/microtype\m
icrotype-pdftex.def
File: microtype-pdftex.def 2025/07/09 v3.2b Definitions specific to pdftex (RS)

LaTeX Info: Redefining \lsstyle on input line 944.
LaTeX Info: Redefining \lslig on input line 944.
\MT@outer@space=\skip54
)
Package microtype Info: Loading configuration file microtype.cfg.

(C:\Users\Mitchelle Andrews\AppData\Local\Programs\MiKTeX\tex/latex/microtype\m
icrotype.cfg
File: microtype.cfg 2025/07/09 v3.2b microtype main configuration file (RS)
)
LaTeX Info: Redefining \microtypesetup on input line 3065.
)
(C:\Users\Mitchelle Andrews\AppData\Local\Programs\MiKTeX\tex/latex/parskip\par
skip.sty
Package: parskip 2021-03-14 v2.0h non-zero parskip adjustments

(C:\Users\Mitchelle Andrews\AppData\Local\Programs\MiKTeX\tex/latex/kvoptions\k
voptions.sty
Package: kvoptions 2022-06-15 v3.15 Key value format for package options (HO)

(C:\Users\Mitchelle Andrews\AppData\Local\Programs\MiKTeX\tex/generic/ltxcmds\l
txcmds.sty
Package: ltxcmds 2023-12-04 v1.26 LaTeX kernel commands for general use (HO)
)
(C:\Users\Mitchelle Andrews\AppData\Local\Programs\MiKTeX\tex/latex/kvsetkeys\k
vsetkeys.sty
Package: kvsetkeys 2022-10-05 v1.19 Key value parser (HO)
)))
(C:\Users\Mitchelle Andrews\AppData\Local\Programs\MiKTeX\tex/latex/fancyvrb\fa
ncyvrb.sty
Package: fancyvrb 2025/07/28 4.6 verbatim text (tvz,hv)
\FV@CodeLineNo=\count301
\FV@InFile=\read2
\FV@TabBox=\box56
\c@FancyVerbLine=\count302
\FV@StepNumber=\count303
\FV@OutFile=\write3
)
(C:\Users\Mitchelle Andrews\AppData\Local\Programs\MiKTeX\tex/latex/framed\fram
ed.sty
Package: framed 2011/10/22 v 0.96: framed or shaded text with page breaks
\OuterFrameSep=\skip55
\fb@frw=\dimen167
\fb@frh=\dimen168
\FrameRule=\dimen169
\FrameSep=\dimen170
)
(C:\Users\Mitchelle Andrews\AppData\Local\Programs\MiKTeX\tex/latex/graphics\gr
aphicx.sty
Package: graphicx 2024/12/31 v1.2e Enhanced LaTeX Graphics (DPC,SPQR)

(C:\Users\Mitchelle Andrews\AppData\Local\Programs\MiKTeX\tex/latex/graphics\gr
aphics.sty
Package: graphics 2024/08/06 v1.4g Standard LaTeX Graphics (DPC,SPQR)

(C:\Users\Mitchelle Andrews\AppData\Local\Programs\MiKTeX\tex/latex/graphics\tr
ig.sty
Package: trig 2023/12/02 v1.11 sin cos tan (DPC)
)
(C:\Users\Mitchelle Andrews\AppData\Local\Programs\MiKTeX\tex/latex/graphics-cf
g\graphics.cfg
File: graphics.cfg 2016/06/04 v1.11 sample graphics configuration
)
Package graphics Info: Driver file: pdftex.def on input line 106.
)
\Gin@req@height=\dimen171
\Gin@req@width=\dimen172
)
\pandoc@box=\box57

(C:\Users\Mitchelle Andrews\AppData\Local\Programs\MiKTeX\tex/latex/bookmark\bo
okmark.sty
Package: bookmark 2023-12-10 v1.31 PDF bookmarks (HO)

(C:\Users\Mitchelle Andrews\AppData\Local\Programs\MiKTeX\tex/latex/hyperref\hy
perref.sty
Package: hyperref 2026-01-29 v7.01p Hypertext links for LaTeX

(C:\Users\Mitchelle Andrews\AppData\Local\Programs\MiKTeX\tex/generic/kvdefinek
eys\kvdefinekeys.sty
Package: kvdefinekeys 2019-12-19 v1.6 Define keys (HO)
)
(C:\Users\Mitchelle Andrews\AppData\Local\Programs\MiKTeX\tex/generic/pdfescape
\pdfescape.sty
Package: pdfescape 2019/12/09 v1.15 Implements pdfTeX's escape features (HO)

(C:\Users\Mitchelle Andrews\AppData\Local\Programs\MiKTeX\tex/generic/pdftexcmd
s\pdftexcmds.sty
Package: pdftexcmds 2020-06-27 v0.33 Utility functions of pdfTeX for LuaTeX (HO
)

(C:\Users\Mitchelle Andrews\AppData\Local\Programs\MiKTeX\tex/generic/infwarerr
\infwarerr.sty
Package: infwarerr 2019/12/03 v1.5 Providing info/warning/error messages (HO)
)
Package pdftexcmds Info: \pdf@primitive is available.
Package pdftexcmds Info: \pdf@ifprimitive is available.
Package pdftexcmds Info: \pdfdraftmode found.
))
(C:\Users\Mitchelle Andrews\AppData\Local\Programs\MiKTeX\tex/latex/hycolor\hyc
olor.sty
Package: hycolor 2020-01-27 v1.10 Color options for hyperref/bookmark (HO)
)
(C:\Users\Mitchelle Andrews\AppData\Local\Programs\MiKTeX\tex/latex/hyperref\na
meref.sty
Package: nameref 2026-01-29 v2.58 Cross-referencing by name of section

(C:\Users\Mitchelle Andrews\AppData\Local\Programs\MiKTeX\tex/latex/refcount\re
fcount.sty
Package: refcount 2019/12/15 v3.6 Data extraction from label references (HO)
)
(C:\Users\Mitchelle Andrews\AppData\Local\Programs\MiKTeX\tex/generic/gettitles
tring\gettitlestring.sty
Package: gettitlestring 2019/12/15 v1.6 Cleanup title references (HO)
)
\c@section@level=\count304
)
(C:\Users\Mitchelle Andrews\AppData\Local\Programs\MiKTeX\tex/generic/stringenc
\stringenc.sty
Package: stringenc 2019/11/29 v1.12 Convert strings between diff. encodings (HO
)
)
\@linkdim=\dimen173
\Hy@linkcounter=\count305
\Hy@pagecounter=\count306

(C:\Users\Mitchelle Andrews\AppData\Local\Programs\MiKTeX\tex/latex/hyperref\pd
1enc.def
File: pd1enc.def 2026-01-29 v7.01p Hyperref: PDFDocEncoding definition (HO)
Now handling font encoding PD1 ...
... no UTF-8 mapping file for font encoding PD1
)
(C:\Users\Mitchelle Andrews\AppData\Local\Programs\MiKTeX\tex/generic/intcalc\i
ntcalc.sty
Package: intcalc 2019/12/15 v1.3 Expandable calculations with integers (HO)
)
\Hy@SavedSpaceFactor=\count307

(C:\Users\Mitchelle Andrews\AppData\Local\Programs\MiKTeX\tex/latex/hyperref\pu
enc.def
File: puenc.def 2026-01-29 v7.01p Hyperref: PDF Unicode definition (HO)
Now handling font encoding PU ...
... no UTF-8 mapping file for font encoding PU
)
Package hyperref Info: Option `unicode' set `true' on input line 4072.
Package hyperref Info: Hyper figures OFF on input line 4201.
Package hyperref Info: Link nesting OFF on input line 4206.
Package hyperref Info: Hyper index ON on input line 4209.
Package hyperref Info: Plain pages OFF on input line 4216.
Package hyperref Info: Backreferencing OFF on input line 4221.
Package hyperref Info: Implicit mode ON; LaTeX internals redefined.
Package hyperref Info: Bookmarks ON on input line 4468.
\c@Hy@tempcnt=\count308

(C:\Users\Mitchelle Andrews\AppData\Local\Programs\MiKTeX\tex/latex/url\url.sty
\Urlmuskip=\muskip18
Package: url 2013/09/16  ver 3.4  Verb mode for urls, etc.
)
LaTeX Info: Redefining \url on input line 4807.
\XeTeXLinkMargin=\dimen174

(C:\Users\Mitchelle Andrews\AppData\Local\Programs\MiKTeX\tex/generic/bitset\bi
tset.sty
Package: bitset 2019/12/09 v1.3 Handle bit-vector datatype (HO)

(C:\Users\Mitchelle Andrews\AppData\Local\Programs\MiKTeX\tex/generic/bigintcal
c\bigintcalc.sty
Package: bigintcalc 2019/12/15 v1.5 Expandable calculations on big integers (HO
)
))
\Fld@menulength=\count309
\Field@Width=\dimen175
\Fld@charsize=\dimen176
Package hyperref Info: Hyper figures OFF on input line 6084.
Package hyperref Info: Link nesting OFF on input line 6089.
Package hyperref Info: Hyper index ON on input line 6092.
Package hyperref Info: backreferencing OFF on input line 6099.
Package hyperref Info: Link coloring OFF on input line 6104.
Package hyperref Info: Link coloring with OCG OFF on input line 6109.
Package hyperref Info: PDF/A mode OFF on input line 6114.
\Hy@abspage=\count310
\c@Item=\count311
\c@Hfootnote=\count312
)
Package hyperref Info: Driver (autodetected): hpdftex.

(C:\Users\Mitchelle Andrews\AppData\Local\Programs\MiKTeX\tex/latex/hyperref\hp
dftex.def
File: hpdftex.def 2026-01-29 v7.01p Hyperref driver for pdfTeX
\Fld@listcount=\count313
\c@bookmark@seq@number=\count314

(C:\Users\Mitchelle Andrews\AppData\Local\Programs\MiKTeX\tex/latex/rerunfilech
eck\rerunfilecheck.sty
Package: rerunfilecheck 2025-06-21 v1.11 Rerun checks for auxiliary files (HO)

(C:\Users\Mitchelle Andrews\AppData\Local\Programs\MiKTeX\tex/generic/uniquecou
nter\uniquecounter.sty
Package: uniquecounter 2019/12/15 v1.4 Provide unlimited unique counter (HO)
)
Package uniquecounter Info: New unique counter `rerunfilecheck' on input line 2
84.
)
\Hy@SectionHShift=\skip56
)
(C:\Users\Mitchelle Andrews\AppData\Local\Programs\MiKTeX\tex/latex/bookmark\bk
m-pdftex.def
File: bkm-pdftex.def 2023-12-10 v1.31 bookmark driver for pdfTeX and luaTeX (HO
)
\BKM@id=\count315
))
(C:\Users\Mitchelle Andrews\AppData\Local\Programs\MiKTeX\tex/latex/xurl\xurl.s
ty
Package: xurl 2022/01/09 v 0.10 modify URL breaks
)
LaTeX Font Info:    Trying to load font information for T1+lmr on input line 11
1.

(C:\Users\Mitchelle Andrews\AppData\Local\Programs\MiKTeX\tex/latex/lm\t1lmr.fd
File: t1lmr.fd 2015/05/01 v1.6.1 Font defs for Latin Modern
)
(C:\Users\Mitchelle Andrews\AppData\Local\Programs\MiKTeX\tex/latex/l3backend\l
3backend-pdftex.def
File: l3backend-pdftex.def 2025-10-09 L3 backend support: PDF output (pdfTeX)
\l__color_backend_stack_int=\count316
) (Loan-Analysis.aux)
\openout1 = `Loan-Analysis.aux'.

LaTeX Font Info:    Checking defaults for OML/cmm/m/it on input line 111.
LaTeX Font Info:    ... okay on input line 111.
LaTeX Font Info:    Checking defaults for OMS/cmsy/m/n on input line 111.
LaTeX Font Info:    ... okay on input line 111.
LaTeX Font Info:    Checking defaults for OT1/cmr/m/n on input line 111.
LaTeX Font Info:    ... okay on input line 111.
LaTeX Font Info:    Checking defaults for T1/cmr/m/n on input line 111.
LaTeX Font Info:    ... okay on input line 111.
LaTeX Font Info:    Checking defaults for TS1/cmr/m/n on input line 111.
LaTeX Font Info:    ... okay on input line 111.
LaTeX Font Info:    Checking defaults for OMX/cmex/m/n on input line 111.
LaTeX Font Info:    ... okay on input line 111.
LaTeX Font Info:    Checking defaults for U/cmr/m/n on input line 111.
LaTeX Font Info:    ... okay on input line 111.
LaTeX Font Info:    Checking defaults for PD1/pdf/m/n on input line 111.
LaTeX Font Info:    ... okay on input line 111.
LaTeX Font Info:    Checking defaults for PU/pdf/m/n on input line 111.
LaTeX Font Info:    ... okay on input line 111.

(C:\Users\Mitchelle Andrews\AppData\Local\Programs\MiKTeX\tex/context/base/mkii
\supp-pdf.mkii
[Loading MPS to PDF converter (version 2006.09.02).]
\scratchcounter=\count317
\scratchdimen=\dimen177
\scratchbox=\box58
\nofMPsegments=\count318
\nofMParguments=\count319
\everyMPshowfont=\toks28
\MPscratchCnt=\count320
\MPscratchDim=\dimen178
\MPnumerator=\count321
\makeMPintoPDFobject=\count322
\everyMPtoPDFconversion=\toks29
)
(C:\Users\Mitchelle Andrews\AppData\Local\Programs\MiKTeX\tex/latex/epstopdf-pk
g\epstopdf-base.sty
Package: epstopdf-base 2020-01-24 v2.11 Base part for package epstopdf
Package epstopdf-base Info: Redefining graphics rule for `.eps' on input line 4
85.

(C:\Users\Mitchelle Andrews\AppData\Local\Programs\MiKTeX\tex/latex/00miktex\ep
stopdf-sys.cfg
File: epstopdf-sys.cfg 2021/03/18 v2.0 Configuration of epstopdf for MiKTeX
))
*geometry* driver: auto-detecting
*geometry* detected driver: pdftex
*geometry* verbose mode - [ preamble ] result:
* driver: pdftex
* paper: <default>
* layout: <same size as paper>
* layoutoffset:(h,v)=(0.0pt,0.0pt)
* modes: 
* h-part:(L,W,R)=(72.26999pt, 469.75502pt, 72.26999pt)
* v-part:(T,H,B)=(72.26999pt, 650.43001pt, 72.26999pt)
* \paperwidth=614.295pt
* \paperheight=794.96999pt
* \textwidth=469.75502pt
* \textheight=650.43001pt
* \oddsidemargin=0.0pt
* \evensidemargin=0.0pt
* \topmargin=-37.0pt
* \headheight=12.0pt
* \headsep=25.0pt
* \topskip=10.0pt
* \footskip=30.0pt
* \marginparwidth=65.0pt
* \marginparsep=11.0pt
* \columnsep=10.0pt
* \skip\footins=9.0pt plus 4.0pt minus 2.0pt
* \hoffset=0.0pt
* \voffset=0.0pt
* \mag=1000
* \@twocolumnfalse
* \@twosidefalse
* \@mparswitchfalse
* \@reversemarginfalse
* (1in=72.27pt=25.4mm, 1cm=28.453pt)

LaTeX Info: Redefining \microtypecontext on input line 111.
Package microtype Info: Applying patch `item' on input line 111.
Package microtype Info: Applying patch `toc' on input line 111.
Package microtype Info: Applying patch `eqnum' on input line 111.

Package microtype Warning: Unable to apply patch `footnote' on input line 111.

Package microtype Info: Applying patch `verbatim' on input line 111.
LaTeX Info: Redefining \microtypesetup on input line 111.
Package microtype Info: Generating PDF output.
Package microtype Info: Character protrusion enabled (level 2).
Package microtype Info: Using protrusion set `basicmath'.
Package microtype Info: Automatic font expansion enabled (level 2),
(microtype)             stretch: 20, shrink: 20, step: 1, non-selected.
Package microtype Info: Using default expansion set `alltext-nott'.
Package microtype Info: Patching command `\showhyphens'.
Package microtype Info: No adjustment of tracking.
Package microtype Info: No adjustment of interword spacing.
Package microtype Info: No adjustment of character kerning.

(C:\Users\Mitchelle Andrews\AppData\Local\Programs\MiKTeX\tex/latex/microtype\m
t-cmr.cfg
File: mt-cmr.cfg 2013/05/19 v2.2 microtype config. file: Computer Modern Roman 
(RS)
)
Package hyperref Info: Link coloring OFF on input line 111.
LaTeX Font Info:    Trying to load font information for OT1+lmr on input line 1
13.

(C:\Users\Mitchelle Andrews\AppData\Local\Programs\MiKTeX\tex/latex/lm\ot1lmr.f
d
File: ot1lmr.fd 2015/05/01 v1.6.1 Font defs for Latin Modern
)
LaTeX Font Info:    Trying to load font information for OML+lmm on input line 1
13.

(C:\Users\Mitchelle Andrews\AppData\Local\Programs\MiKTeX\tex/latex/lm\omllmm.f
d
File: omllmm.fd 2015/05/01 v1.6.1 Font defs for Latin Modern
)
LaTeX Font Info:    Trying to load font information for OMS+lmsy on input line 
113.

(C:\Users\Mitchelle Andrews\AppData\Local\Programs\MiKTeX\tex/latex/lm\omslmsy.
fd
File: omslmsy.fd 2015/05/01 v1.6.1 Font defs for Latin Modern
)
LaTeX Font Info:    Trying to load font information for OMX+lmex on input line 
113.

(C:\Users\Mitchelle Andrews\AppData\Local\Programs\MiKTeX\tex/latex/lm\omxlmex.
fd
File: omxlmex.fd 2015/05/01 v1.6.1 Font defs for Latin Modern
)
LaTeX Font Info:    External font `lmex10' loaded for size
(Font)              <12> on input line 113.
LaTeX Font Info:    External font `lmex10' loaded for size
(Font)              <8> on input line 113.
LaTeX Font Info:    External font `lmex10' loaded for size
(Font)              <6> on input line 113.
LaTeX Font Info:    Trying to load font information for U+msa on input line 113
.

(C:\Users\Mitchelle Andrews\AppData\Local\Programs\MiKTeX\tex/latex/amsfonts\um
sa.fd
File: umsa.fd 2013/01/14 v3.01 AMS symbols A
)
(C:\Users\Mitchelle Andrews\AppData\Local\Programs\MiKTeX\tex/latex/microtype\m
t-msa.cfg
File: mt-msa.cfg 2006/02/04 v1.1 microtype config. file: AMS symbols (a) (RS)
)
LaTeX Font Info:    Trying to load font information for U+msb on input line 113
.

(C:\Users\Mitchelle Andrews\AppData\Local\Programs\MiKTeX\tex/latex/amsfonts\um
sb.fd
File: umsb.fd 2013/01/14 v3.01 AMS symbols B
)
(C:\Users\Mitchelle Andrews\AppData\Local\Programs\MiKTeX\tex/latex/microtype\m
t-msb.cfg
File: mt-msb.cfg 2005/06/01 v1.0 microtype config. file: AMS symbols (b) (RS)
)
LaTeX Font Info:    Trying to load font information for T1+lmtt on input line 1
21.

(C:\Users\Mitchelle Andrews\AppData\Local\Programs\MiKTeX\tex/latex/lm\t1lmtt.f
d
File: t1lmtt.fd 2015/05/01 v1.6.1 Font defs for Latin Modern
)
LaTeX Font Info:    Font shape `T1/lmtt/bx/n' in size <10> not available
(Font)              Font shape `T1/lmtt/b/n' tried instead on input line 122.
LaTeX Font Info:    Trying to load font information for TS1+lmtt on input line 
146.

(C:\Users\Mitchelle Andrews\AppData\Local\Programs\MiKTeX\tex/latex/lm\ts1lmtt.
fd
File: ts1lmtt.fd 2015/05/01 v1.6.1 Font defs for Latin Modern
)
Overfull \hbox (76.2434pt too wide) in paragraph at lines 224--224
[]\T1/lmtt/m/n/10 ## i Use the conflicted package (<http://conflicted.r-lib.org
/>) to force all conflicts to become errors[] 
 []

[1

{C:/Users/Mitchelle Andrews/AppData/Local/MiKTeX/fonts/map/pdftex/pdftex.map}{C
:/Users/Mitchelle Andrews/AppData/Local/Programs/MiKTeX/fonts/enc/dvips/lm/lm-e
c.enc}{C:/Users/Mitchelle Andrews/AppData/Local/Programs/MiKTeX/fonts/enc/dvips
/lm/lm-ts1.enc}] [2] [3]
<Loan-Analysis_files/figure-latex/unnamed-chunk-7-1.pdf, id=29, 469.755pt x 325
.215pt>
File: Loan-Analysis_files/figure-latex/unnamed-chunk-7-1.pdf Graphic file (type
 pdf)
<use Loan-Analysis_files/figure-latex/unnamed-chunk-7-1.pdf>
Package pdftex.def Info: Loan-Analysis_files/figure-latex/unnamed-chunk-7-1.pdf
  used on input line 365.
(pdftex.def)             Requested size: 469.75386pt x 325.2142pt.

Underfull \hbox (badness 10000) in paragraph at lines 365--371
[][]
 []

[4]
<Loan-Analysis_files/figure-latex/unnamed-chunk-8-1.pdf, id=37, 469.755pt x 325
.215pt>
File: Loan-Analysis_files/figure-latex/unnamed-chunk-8-1.pdf Graphic file (type
 pdf)
<use Loan-Analysis_files/figure-latex/unnamed-chunk-8-1.pdf>
Package pdftex.def Info: Loan-Analysis_files/figure-latex/unnamed-chunk-8-1.pdf
  used on input line 389.
(pdftex.def)             Requested size: 469.75386pt x 325.2142pt.

Underfull \hbox (badness 10000) in paragraph at lines 389--393
[][]
 []

[5 <./Loan-Analysis_files/figure-latex/unnamed-chunk-7-1.pdf>]
<Loan-Analysis_files/figure-latex/unnamed-chunk-9-1.pdf, id=48, 469.755pt x 325
.215pt>
File: Loan-Analysis_files/figure-latex/unnamed-chunk-9-1.pdf Graphic file (type
 pdf)
<use Loan-Analysis_files/figure-latex/unnamed-chunk-9-1.pdf>
Package pdftex.def Info: Loan-Analysis_files/figure-latex/unnamed-chunk-9-1.pdf
  used on input line 412.
(pdftex.def)             Requested size: 469.75386pt x 325.2142pt.

Underfull \hbox (badness 10000) in paragraph at lines 412--416
[][]
 []

[6 <./Loan-Analysis_files/figure-latex/unnamed-chunk-8-1.pdf>]
<Loan-Analysis_files/figure-latex/unnamed-chunk-10-1.pdf, id=59, 469.755pt x 32
5.215pt>
File: Loan-Analysis_files/figure-latex/unnamed-chunk-10-1.pdf Graphic file (typ
e pdf)
<use Loan-Analysis_files/figure-latex/unnamed-chunk-10-1.pdf>
Package pdftex.def Info: Loan-Analysis_files/figure-latex/unnamed-chunk-10-1.pd
f  used on input line 437.
(pdftex.def)             Requested size: 469.75386pt x 325.2142pt.
[7 <./Loan-Analysis_files/figure-latex/unnamed-chunk-9-1.pdf>]
<Loan-Analysis_files/figure-latex/unnamed-chunk-11-1.pdf, id=71, 469.755pt x 32
5.215pt>
File: Loan-Analysis_files/figure-latex/unnamed-chunk-11-1.pdf Graphic file (typ
e pdf)
<use Loan-Analysis_files/figure-latex/unnamed-chunk-11-1.pdf>
Package pdftex.def Info: Loan-Analysis_files/figure-latex/unnamed-chunk-11-1.pd
f  used on input line 455.
(pdftex.def)             Requested size: 469.75386pt x 325.2142pt.

Underfull \hbox (badness 10000) in paragraph at lines 455--458
[][]
 []

[8 <./Loan-Analysis_files/figure-latex/unnamed-chunk-10-1.pdf>]
<Loan-Analysis_files/figure-latex/unnamed-chunk-12-1.pdf, id=81, 469.755pt x 32
5.215pt>
File: Loan-Analysis_files/figure-latex/unnamed-chunk-12-1.pdf Graphic file (typ
e pdf)
<use Loan-Analysis_files/figure-latex/unnamed-chunk-12-1.pdf>
Package pdftex.def Info: Loan-Analysis_files/figure-latex/unnamed-chunk-12-1.pd
f  used on input line 472.
(pdftex.def)             Requested size: 469.75386pt x 325.2142pt.

Underfull \hbox (badness 10000) in paragraph at lines 472--475
[][]
 []

[9 <./Loan-Analysis_files/figure-latex/unnamed-chunk-11-1.pdf>]
<Loan-Analysis_files/figure-latex/unnamed-chunk-13-1.pdf, id=92, 469.755pt x 32
5.215pt>
File: Loan-Analysis_files/figure-latex/unnamed-chunk-13-1.pdf Graphic file (typ
e pdf)
<use Loan-Analysis_files/figure-latex/unnamed-chunk-13-1.pdf>
Package pdftex.def Info: Loan-Analysis_files/figure-latex/unnamed-chunk-13-1.pd
f  used on input line 487.
(pdftex.def)             Requested size: 469.75386pt x 325.2142pt.

Underfull \hbox (badness 10000) in paragraph at lines 487--491
[][]
 []

[10 <./Loan-Analysis_files/figure-latex/unnamed-chunk-12-1.pdf>]
<Loan-Analysis_files/figure-latex/unnamed-chunk-14-1.pdf, id=102, 469.755pt x 3
25.215pt>
File: Loan-Analysis_files/figure-latex/unnamed-chunk-14-1.pdf Graphic file (typ
e pdf)
<use Loan-Analysis_files/figure-latex/unnamed-chunk-14-1.pdf>
Package pdftex.def Info: Loan-Analysis_files/figure-latex/unnamed-chunk-14-1.pd
f  used on input line 516.
(pdftex.def)             Requested size: 469.75386pt x 325.2142pt.

Underfull \hbox (badness 10000) in paragraph at lines 516--520
[][]
 []

[11 <./Loan-Analysis_files/figure-latex/unnamed-chunk-13-1.pdf>]
<Loan-Analysis_files/figure-latex/unnamed-chunk-15-1.pdf, id=112, 469.755pt x 3
25.215pt>
File: Loan-Analysis_files/figure-latex/unnamed-chunk-15-1.pdf Graphic file (typ
e pdf)
<use Loan-Analysis_files/figure-latex/unnamed-chunk-15-1.pdf>
Package pdftex.def Info: Loan-Analysis_files/figure-latex/unnamed-chunk-15-1.pd
f  used on input line 534.
(pdftex.def)             Requested size: 469.75386pt x 325.2142pt.

Underfull \hbox (badness 10000) in paragraph at lines 534--536
[][]
 []

[12 <./Loan-Analysis_files/figure-latex/unnamed-chunk-14-1.pdf>]
<Loan-Analysis_files/figure-latex/unnamed-chunk-16-1.pdf, id=123, 469.755pt x 3
25.215pt>
File: Loan-Analysis_files/figure-latex/unnamed-chunk-16-1.pdf Graphic file (typ
e pdf)
<use Loan-Analysis_files/figure-latex/unnamed-chunk-16-1.pdf>
Package pdftex.def Info: Loan-Analysis_files/figure-latex/unnamed-chunk-16-1.pd
f  used on input line 548.
(pdftex.def)             Requested size: 469.75386pt x 325.2142pt.

Underfull \hbox (badness 10000) in paragraph at lines 548--551
[][]
 []

[13 <./Loan-Analysis_files/figure-latex/unnamed-chunk-15-1.pdf>]
<Loan-Analysis_files/figure-latex/unnamed-chunk-18-1.pdf, id=134, 469.755pt x 3
25.215pt>
File: Loan-Analysis_files/figure-latex/unnamed-chunk-18-1.pdf Graphic file (typ
e pdf)
<use Loan-Analysis_files/figure-latex/unnamed-chunk-18-1.pdf>
Package pdftex.def Info: Loan-Analysis_files/figure-latex/unnamed-chunk-18-1.pd
f  used on input line 582.
(pdftex.def)             Requested size: 469.75386pt x 325.2142pt.

Underfull \hbox (badness 10000) in paragraph at lines 582--585
[][]
 []

[14 <./Loan-Analysis_files/figure-latex/unnamed-chunk-16-1.pdf>]
<Loan-Analysis_files/figure-latex/unnamed-chunk-19-1.pdf, id=145, 469.755pt x 3
25.215pt>
File: Loan-Analysis_files/figure-latex/unnamed-chunk-19-1.pdf Graphic file (typ
e pdf)
<use Loan-Analysis_files/figure-latex/unnamed-chunk-19-1.pdf>
Package pdftex.def Info: Loan-Analysis_files/figure-latex/unnamed-chunk-19-1.pd
f  used on input line 611.
(pdftex.def)             Requested size: 469.75386pt x 325.2142pt.

Underfull \hbox (badness 10000) in paragraph at lines 611--613
[][]
 []

[15 <./Loan-Analysis_files/figure-latex/unnamed-chunk-18-1.pdf>]
<Loan-Analysis_files/figure-latex/unnamed-chunk-20-1.pdf, id=156, 469.755pt x 3
25.215pt>
File: Loan-Analysis_files/figure-latex/unnamed-chunk-20-1.pdf Graphic file (typ
e pdf)
<use Loan-Analysis_files/figure-latex/unnamed-chunk-20-1.pdf>
Package pdftex.def Info: Loan-Analysis_files/figure-latex/unnamed-chunk-20-1.pd
f  used on input line 625.
(pdftex.def)             Requested size: 469.75386pt x 325.2142pt.

Underfull \hbox (badness 10000) in paragraph at lines 625--628
[][]
 []

[16 <./Loan-Analysis_files/figure-latex/unnamed-chunk-19-1.pdf>]
<Loan-Analysis_files/figure-latex/unnamed-chunk-22-1.pdf, id=166, 469.755pt x 3
25.215pt>
File: Loan-Analysis_files/figure-latex/unnamed-chunk-22-1.pdf Graphic file (typ
e pdf)
<use Loan-Analysis_files/figure-latex/unnamed-chunk-22-1.pdf>
Package pdftex.def Info: Loan-Analysis_files/figure-latex/unnamed-chunk-22-1.pd
f  used on input line 662.
(pdftex.def)             Requested size: 469.75386pt x 325.2142pt.

Underfull \hbox (badness 10000) in paragraph at lines 662--665
[][]
 []

[17 <./Loan-Analysis_files/figure-latex/unnamed-chunk-20-1.pdf>]
<Loan-Analysis_files/figure-latex/unnamed-chunk-23-1.pdf, id=177, 469.755pt x 3
25.215pt>
File: Loan-Analysis_files/figure-latex/unnamed-chunk-23-1.pdf Graphic file (typ
e pdf)
<use Loan-Analysis_files/figure-latex/unnamed-chunk-23-1.pdf>
Package pdftex.def Info: Loan-Analysis_files/figure-latex/unnamed-chunk-23-1.pd
f  used on input line 681.
(pdftex.def)             Requested size: 469.75386pt x 325.2142pt.

Underfull \hbox (badness 10000) in paragraph at lines 681--684
[][]
 []

[18 <./Loan-Analysis_files/figure-latex/unnamed-chunk-22-1.pdf>]
<Loan-Analysis_files/figure-latex/unnamed-chunk-24-1.pdf, id=188, 469.755pt x 3
25.215pt>
File: Loan-Analysis_files/figure-latex/unnamed-chunk-24-1.pdf Graphic file (typ
e pdf)
<use Loan-Analysis_files/figure-latex/unnamed-chunk-24-1.pdf>
Package pdftex.def Info: Loan-Analysis_files/figure-latex/unnamed-chunk-24-1.pd
f  used on input line 705.
(pdftex.def)             Requested size: 469.75386pt x 325.2142pt.

Underfull \hbox (badness 10000) in paragraph at lines 705--708
[][]
 []

[19 <./Loan-Analysis_files/figure-latex/unnamed-chunk-23-1.pdf>]
<Loan-Analysis_files/figure-latex/unnamed-chunk-25-1.pdf, id=200, 469.755pt x 3
25.215pt>
File: Loan-Analysis_files/figure-latex/unnamed-chunk-25-1.pdf Graphic file (typ
e pdf)
<use Loan-Analysis_files/figure-latex/unnamed-chunk-25-1.pdf>
Package pdftex.def Info: Loan-Analysis_files/figure-latex/unnamed-chunk-25-1.pd
f  used on input line 723.
(pdftex.def)             Requested size: 469.75386pt x 325.2142pt.
[20 <./Loan-Analysis_files/figure-latex/unnamed-chunk-24-1.pdf>]
<Loan-Analysis_files/figure-latex/unnamed-chunk-26-1.pdf, id=211, 469.755pt x 3
25.215pt>
File: Loan-Analysis_files/figure-latex/unnamed-chunk-26-1.pdf Graphic file (typ
e pdf)
<use Loan-Analysis_files/figure-latex/unnamed-chunk-26-1.pdf>
Package pdftex.def Info: Loan-Analysis_files/figure-latex/unnamed-chunk-26-1.pd
f  used on input line 738.
(pdftex.def)             Requested size: 469.75386pt x 325.2142pt.
[21 <./Loan-Analysis_files/figure-latex/unnamed-chunk-25-1.pdf>]
<Loan-Analysis_files/figure-latex/unnamed-chunk-27-1.pdf, id=221, 469.755pt x 3
25.215pt>
File: Loan-Analysis_files/figure-latex/unnamed-chunk-27-1.pdf Graphic file (typ
e pdf)
<use Loan-Analysis_files/figure-latex/unnamed-chunk-27-1.pdf>
Package pdftex.def Info: Loan-Analysis_files/figure-latex/unnamed-chunk-27-1.pd
f  used on input line 766.
(pdftex.def)             Requested size: 469.75386pt x 325.2142pt.

Underfull \hbox (badness 10000) in paragraph at lines 766--769
[][]
 []

[22 <./Loan-Analysis_files/figure-latex/unnamed-chunk-26-1.pdf>]
<Loan-Analysis_files/figure-latex/unnamed-chunk-28-1.pdf, id=232, 469.755pt x 3
25.215pt>
File: Loan-Analysis_files/figure-latex/unnamed-chunk-28-1.pdf Graphic file (typ
e pdf)
<use Loan-Analysis_files/figure-latex/unnamed-chunk-28-1.pdf>
Package pdftex.def Info: Loan-Analysis_files/figure-latex/unnamed-chunk-28-1.pd
f  used on input line 787.
(pdftex.def)             Requested size: 469.75386pt x 325.2142pt.

Underfull \hbox (badness 10000) in paragraph at lines 787--791
[][]
 []

[23 <./Loan-Analysis_files/figure-latex/unnamed-chunk-27-1.pdf>]
<Loan-Analysis_files/figure-latex/unnamed-chunk-29-1.pdf, id=244, 469.755pt x 3
25.215pt>
File: Loan-Analysis_files/figure-latex/unnamed-chunk-29-1.pdf Graphic file (typ
e pdf)
<use Loan-Analysis_files/figure-latex/unnamed-chunk-29-1.pdf>
Package pdftex.def Info: Loan-Analysis_files/figure-latex/unnamed-chunk-29-1.pd
f  used on input line 806.
(pdftex.def)             Requested size: 469.75386pt x 325.2142pt.

Underfull \hbox (badness 10000) in paragraph at lines 806--811
[][]
 []

[24 <./Loan-Analysis_files/figure-latex/unnamed-chunk-28-1.pdf>]
<Loan-Analysis_files/figure-latex/unnamed-chunk-30-1.pdf, id=254, 469.755pt x 3
25.215pt>
File: Loan-Analysis_files/figure-latex/unnamed-chunk-30-1.pdf Graphic file (typ
e pdf)
<use Loan-Analysis_files/figure-latex/unnamed-chunk-30-1.pdf>
Package pdftex.def Info: Loan-Analysis_files/figure-latex/unnamed-chunk-30-1.pd
f  used on input line 839.
(pdftex.def)             Requested size: 469.75386pt x 325.2142pt.

Underfull \hbox (badness 10000) in paragraph at lines 839--842
[][]
 []

[25 <./Loan-Analysis_files/figure-latex/unnamed-chunk-29-1.pdf>]
<Loan-Analysis_files/figure-latex/unnamed-chunk-31-1.pdf, id=266, 469.755pt x 3
25.215pt>
File: Loan-Analysis_files/figure-latex/unnamed-chunk-31-1.pdf Graphic file (typ
e pdf)
<use Loan-Analysis_files/figure-latex/unnamed-chunk-31-1.pdf>
Package pdftex.def Info: Loan-Analysis_files/figure-latex/unnamed-chunk-31-1.pd
f  used on input line 875.
(pdftex.def)             Requested size: 469.75386pt x 325.2142pt.

Underfull \hbox (badness 10000) in paragraph at lines 875--879
[][]
 []

[26 <./Loan-Analysis_files/figure-latex/unnamed-chunk-30-1.pdf>]
<Loan-Analysis_files/figure-latex/unnamed-chunk-32-1.pdf, id=277, 469.755pt x 3
25.215pt>
File: Loan-Analysis_files/figure-latex/unnamed-chunk-32-1.pdf Graphic file (typ
e pdf)
<use Loan-Analysis_files/figure-latex/unnamed-chunk-32-1.pdf>
Package pdftex.def Info: Loan-Analysis_files/figure-latex/unnamed-chunk-32-1.pd
f  used on input line 902.
(pdftex.def)             Requested size: 469.75386pt x 325.2142pt.

Underfull \hbox (badness 10000) in paragraph at lines 902--905
[][]
 []

[27 <./Loan-Analysis_files/figure-latex/unnamed-chunk-31-1.pdf>]
<Loan-Analysis_files/figure-latex/unnamed-chunk-33-1.pdf, id=288, 469.755pt x 3
25.215pt>
File: Loan-Analysis_files/figure-latex/unnamed-chunk-33-1.pdf Graphic file (typ
e pdf)
<use Loan-Analysis_files/figure-latex/unnamed-chunk-33-1.pdf>
Package pdftex.def Info: Loan-Analysis_files/figure-latex/unnamed-chunk-33-1.pd
f  used on input line 918.
(pdftex.def)             Requested size: 469.75386pt x 325.2142pt.

Underfull \hbox (badness 10000) in paragraph at lines 918--921
[][]
 []

[28 <./Loan-Analysis_files/figure-latex/unnamed-chunk-32-1.pdf>]
<Loan-Analysis_files/figure-latex/unnamed-chunk-34-1.pdf, id=299, 469.755pt x 3
25.215pt>
File: Loan-Analysis_files/figure-latex/unnamed-chunk-34-1.pdf Graphic file (typ
e pdf)
<use Loan-Analysis_files/figure-latex/unnamed-chunk-34-1.pdf>
Package pdftex.def Info: Loan-Analysis_files/figure-latex/unnamed-chunk-34-1.pd
f  used on input line 936.
(pdftex.def)             Requested size: 469.75386pt x 325.2142pt.

Underfull \hbox (badness 10000) in paragraph at lines 936--939
[][]
 []

[29 <./Loan-Analysis_files/figure-latex/unnamed-chunk-33-1.pdf>]
<Loan-Analysis_files/figure-latex/unnamed-chunk-35-1.pdf, id=309, 469.755pt x 3
25.215pt>
File: Loan-Analysis_files/figure-latex/unnamed-chunk-35-1.pdf Graphic file (typ
e pdf)
<use Loan-Analysis_files/figure-latex/unnamed-chunk-35-1.pdf>
Package pdftex.def Info: Loan-Analysis_files/figure-latex/unnamed-chunk-35-1.pd
f  used on input line 964.
(pdftex.def)             Requested size: 469.75386pt x 325.2142pt.
[30 <./Loan-Analysis_files/figure-latex/unnamed-chunk-34-1.pdf>]
<Loan-Analysis_files/figure-latex/unnamed-chunk-36-1.pdf, id=320, 469.755pt x 3
25.215pt>
File: Loan-Analysis_files/figure-latex/unnamed-chunk-36-1.pdf Graphic file (typ
e pdf)
<use Loan-Analysis_files/figure-latex/unnamed-chunk-36-1.pdf>
Package pdftex.def Info: Loan-Analysis_files/figure-latex/unnamed-chunk-36-1.pd
f  used on input line 986.
(pdftex.def)             Requested size: 469.75386pt x 325.2142pt.

Underfull \hbox (badness 10000) in paragraph at lines 986--989
[][]
 []

[31 <./Loan-Analysis_files/figure-latex/unnamed-chunk-35-1.pdf>]
<Loan-Analysis_files/figure-latex/unnamed-chunk-37-1.pdf, id=336, 469.755pt x 3
25.215pt>
File: Loan-Analysis_files/figure-latex/unnamed-chunk-37-1.pdf Graphic file (typ
e pdf)
<use Loan-Analysis_files/figure-latex/unnamed-chunk-37-1.pdf>
Package pdftex.def Info: Loan-Analysis_files/figure-latex/unnamed-chunk-37-1.pd
f  used on input line 1014.
(pdftex.def)             Requested size: 469.75386pt x 325.2142pt.
[32 <./Loan-Analysis_files/figure-latex/unnamed-chunk-36-1.pdf>]
<Loan-Analysis_files/figure-latex/unnamed-chunk-38-1.pdf, id=351, 469.755pt x 3
25.215pt>
File: Loan-Analysis_files/figure-latex/unnamed-chunk-38-1.pdf Graphic file (typ
e pdf)
<use Loan-Analysis_files/figure-latex/unnamed-chunk-38-1.pdf>
Package pdftex.def Info: Loan-Analysis_files/figure-latex/unnamed-chunk-38-1.pd
f  used on input line 1032.
(pdftex.def)             Requested size: 469.75386pt x 325.2142pt.

Underfull \hbox (badness 10000) in paragraph at lines 1032--1036
[][]
 []

[33 <./Loan-Analysis_files/figure-latex/unnamed-chunk-37-1.pdf>]
<Loan-Analysis_files/figure-latex/unnamed-chunk-39-1.pdf, id=362, 469.755pt x 3
25.215pt>
File: Loan-Analysis_files/figure-latex/unnamed-chunk-39-1.pdf Graphic file (typ
e pdf)
<use Loan-Analysis_files/figure-latex/unnamed-chunk-39-1.pdf>
Package pdftex.def Info: Loan-Analysis_files/figure-latex/unnamed-chunk-39-1.pd
f  used on input line 1058.
(pdftex.def)             Requested size: 469.75386pt x 325.2142pt.

Underfull \hbox (badness 10000) in paragraph at lines 1058--1061
[][]
 []

[34 <./Loan-Analysis_files/figure-latex/unnamed-chunk-38-1.pdf>]
<Loan-Analysis_files/figure-latex/unnamed-chunk-40-1.pdf, id=373, 469.755pt x 3
25.215pt>
File: Loan-Analysis_files/figure-latex/unnamed-chunk-40-1.pdf Graphic file (typ
e pdf)
<use Loan-Analysis_files/figure-latex/unnamed-chunk-40-1.pdf>
Package pdftex.def Info: Loan-Analysis_files/figure-latex/unnamed-chunk-40-1.pd
f  used on input line 1076.
(pdftex.def)             Requested size: 469.75386pt x 325.2142pt.
[35 <./Loan-Analysis_files/figure-latex/unnamed-chunk-39-1.pdf>] [36 <./Loan-An
alysis_files/figure-latex/unnamed-chunk-40-1.pdf>] [37] [38] [39] [40] [41] [42
] [43] [44] [45] [46] [47] [48] [49] [50] [51] [52] [53] [54] [55] [56] [57] [5
8] [59] [60] [61] [62] [63] [64] [65] [66] [67] [68] [69] [70] [71] [72] [73] [
74] [75] [76] [77] [78] [79] [80] [81] [82] [83] [84] [85] [86] [87] [88] [89] 
[90] [91] [92] [93] [94] [95] [96] [97] [98] [99] [100] [101] [102] [103] [104]
[105] [106] [107] [108] [109] [110] [111] [112] [113] [114] [115] [116] [117] [
118] [119] [120] [121] [122] [123] [124] [125] [126] [127] [128] [129] [130] [1
31] [132] [133] [134] [135] [136] [137] [138] [139] [140] [141] [142] [143] [14
4] [145] [146] [147] [148] [149] [150] [151] [152] [153] [154] [155] [156] [157
] [158] [159] [160] [161] [162] [163] [164] [165] [166] [167] [168] [169] [170]
[171] [172] [173] [174] [175] [176] [177] [178] [179] [180] [181] [182] [183] [
184] [185] [186] [187] [188] [189] [190] [191] [192] [193] [194] [195] [196] [1
97] [198] [199] [200] [201] [202] [203] [204] [205] [206] [207] [208] [209] [21
0] [211] [212] [213] [214] [215] [216] [217] [218] [219] [220] [221] [222] [223
] [224] [225] [226] [227] [228] [229] [230] [231] [232] [233] [234] [235] [236]
[237] [238] [239] [240] [241] [242] [243] [244] [245] [246] [247] [248] [249] [
250] [251] [252] [253] [254] [255] [256] [257] [258] [259] [260] [261] [262] [2
63] [264] [265] [266] [267] [268] [269] [270] [271] [272] [273] [274] [275] [27
6] [277] [278] [279] [280] [281] [282] [283] [284] [285] [286] [287] [288] [289
] [290] [291] [292] [293] [294] [295] [296] [297] [298] [299] [300] [301] [302]
[303] [304] [305] [306] [307] [308] [309] [310] [311] [312] [313] [314] [315] [
316] [317] [318] [319] [320] [321] [322] [323] [324] [325] [326] [327] [328] [3
29] [330] [331] [332] [333] [334] [335] [336] [337] [338] [339] [340] [341] [34
2] [343] [344] [345] [346] [347] [348] [349] [350] [351] [352] [353] [354] [355
] [356] [357] [358] [359] [360] [361] [362] [363] [364] [365] [366] [367] [368]
[369] [370] [371] [372] [373] [374] [375] [376] [377] [378] [379] [380] [381] [
382] [383] [384] [385] [386] [387] [388] [389] [390] [391] [392] [393] [394] [3
95] [396] [397] [398] [399] [400] [401] [402] [403] [404] [405] [406] [407] [40
8] [409] [410] [411] [412] [413] [414] [415] [416] [417] [418] [419] [420] [421
] [422] [423] [424] [425] [426] [427] [428] [429] [430] [431] [432] [433] [434]
[435] [436] [437] [438] [439] [440] [441] [442] [443] [444] [445] [446] [447] [
448] [449] [450] [451] [452] [453] [454] [455] [456] [457] [458] [459] [460] [4
61] [462] [463] [464] [465] [466] [467] [468] [469] [470] [471] [472] [473] [47
4] [475] [476] [477] [478] [479] [480] [481] [482] [483] [484] [485] [486] [487
] [488] [489] [490] [491] [492] [493] [494] [495] [496] [497] [498] [499] [500]
[501] [502] [503] [504] [505] [506] [507] [508] [509] [510] [511] [512] [513] [
514] [515] [516] [517] [518] [519] [520] [521] [522] [523] [524] [525] [526] [5
27] [528] [529] [530] [531] [532] [533] [534] [535] [536] [537] [538] [539] [54
0] [541] [542] [543] [544] [545] [546] [547] [548] [549] [550] [551] [552] [553
] [554] [555] [556] [557] [558] [559] [560] [561] [562] [563] [564] [565] [566]
[567] [568] [569] [570]
Underfull \vbox (badness 5771) detected at line 30078
 []

[571] [572]
<Loan-Analysis_files/figure-latex/unnamed-chunk-49-1.pdf, id=2635, 469.755pt x 
325.215pt>
File: Loan-Analysis_files/figure-latex/unnamed-chunk-49-1.pdf Graphic file (typ
e pdf)
<use Loan-Analysis_files/figure-latex/unnamed-chunk-49-1.pdf>
Package pdftex.def Info: Loan-Analysis_files/figure-latex/unnamed-chunk-49-1.pd
f  used on input line 30185.
(pdftex.def)             Requested size: 469.75386pt x 325.2142pt.
<Loan-Analysis_files/figure-latex/unnamed-chunk-49-2.pdf, id=2636, 469.755pt x 
325.215pt>
File: Loan-Analysis_files/figure-latex/unnamed-chunk-49-2.pdf Graphic file (typ
e pdf)
<use Loan-Analysis_files/figure-latex/unnamed-chunk-49-2.pdf>
Package pdftex.def Info: Loan-Analysis_files/figure-latex/unnamed-chunk-49-2.pd
f  used on input line 30186.
(pdftex.def)             Requested size: 469.75386pt x 325.2142pt.
<Loan-Analysis_files/figure-latex/unnamed-chunk-49-3.pdf, id=2637, 469.755pt x 
325.215pt>
File: Loan-Analysis_files/figure-latex/unnamed-chunk-49-3.pdf Graphic file (typ
e pdf)
<use Loan-Analysis_files/figure-latex/unnamed-chunk-49-3.pdf>
Package pdftex.def Info: Loan-Analysis_files/figure-latex/unnamed-chunk-49-3.pd
f  used on input line 30187.
(pdftex.def)             Requested size: 469.75386pt x 325.2142pt.
<Loan-Analysis_files/figure-latex/unnamed-chunk-49-4.pdf, id=2638, 469.755pt x 
325.215pt>
File: Loan-Analysis_files/figure-latex/unnamed-chunk-49-4.pdf Graphic file (typ
e pdf)
<use Loan-Analysis_files/figure-latex/unnamed-chunk-49-4.pdf>
Package pdftex.def Info: Loan-Analysis_files/figure-latex/unnamed-chunk-49-4.pd
f  used on input line 30188.
(pdftex.def)             Requested size: 469.75386pt x 325.2142pt.

Underfull \hbox (badness 10000) in paragraph at lines 30185--30189
[][]
 []


Underfull \hbox (badness 10000) in paragraph at lines 30185--30189
[]
 []


Underfull \hbox (badness 10000) in paragraph at lines 30185--30189
[]
 []

[573] [574 <./Loan-Analysis_files/figure-latex/unnamed-chunk-49-1.pdf>] [575 <.
/Loan-Analysis_files/figure-latex/unnamed-chunk-49-2.pdf>] [576 <./Loan-Analysi
s_files/figure-latex/unnamed-chunk-49-3.pdf>]
<Loan-Analysis_files/figure-latex/unnamed-chunk-51-1.pdf, id=2670, 469.755pt x 
325.215pt>
File: Loan-Analysis_files/figure-latex/unnamed-chunk-51-1.pdf Graphic file (typ
e pdf)
<use Loan-Analysis_files/figure-latex/unnamed-chunk-51-1.pdf>
Package pdftex.def Info: Loan-Analysis_files/figure-latex/unnamed-chunk-51-1.pd
f  used on input line 30215.
(pdftex.def)             Requested size: 469.75386pt x 325.2142pt.
<Loan-Analysis_files/figure-latex/unnamed-chunk-51-2.pdf, id=2671, 469.755pt x 
325.215pt>
File: Loan-Analysis_files/figure-latex/unnamed-chunk-51-2.pdf Graphic file (typ
e pdf)
<use Loan-Analysis_files/figure-latex/unnamed-chunk-51-2.pdf>
Package pdftex.def Info: Loan-Analysis_files/figure-latex/unnamed-chunk-51-2.pd
f  used on input line 30216.
(pdftex.def)             Requested size: 469.75386pt x 325.2142pt.
<Loan-Analysis_files/figure-latex/unnamed-chunk-51-3.pdf, id=2672, 469.755pt x 
325.215pt>
File: Loan-Analysis_files/figure-latex/unnamed-chunk-51-3.pdf Graphic file (typ
e pdf)
<use Loan-Analysis_files/figure-latex/unnamed-chunk-51-3.pdf>
Package pdftex.def Info: Loan-Analysis_files/figure-latex/unnamed-chunk-51-3.pd
f  used on input line 30217.
(pdftex.def)             Requested size: 469.75386pt x 325.2142pt.
<Loan-Analysis_files/figure-latex/unnamed-chunk-51-4.pdf, id=2673, 469.755pt x 
325.215pt>
File: Loan-Analysis_files/figure-latex/unnamed-chunk-51-4.pdf Graphic file (typ
e pdf)
<use Loan-Analysis_files/figure-latex/unnamed-chunk-51-4.pdf>
Package pdftex.def Info: Loan-Analysis_files/figure-latex/unnamed-chunk-51-4.pd
f  used on input line 30218.
(pdftex.def)             Requested size: 469.75386pt x 325.2142pt.

Underfull \hbox (badness 10000) in paragraph at lines 30215--30219
[][]
 []


Underfull \hbox (badness 10000) in paragraph at lines 30215--30219
[]
 []


Underfull \hbox (badness 10000) in paragraph at lines 30215--30219
[]
 []

[577 <./Loan-Analysis_files/figure-latex/unnamed-chunk-49-4.pdf>] [578 <./Loan-
Analysis_files/figure-latex/unnamed-chunk-51-1.pdf>] [579 <./Loan-Analysis_file
s/figure-latex/unnamed-chunk-51-2.pdf>] [580 <./Loan-Analysis_files/figure-late
x/unnamed-chunk-51-3.pdf>]
<Loan-Analysis_files/figure-latex/unnamed-chunk-52-1.pdf, id=2711, 469.755pt x 
325.215pt>
File: Loan-Analysis_files/figure-latex/unnamed-chunk-52-1.pdf Graphic file (typ
e pdf)
<use Loan-Analysis_files/figure-latex/unnamed-chunk-52-1.pdf>
Package pdftex.def Info: Loan-Analysis_files/figure-latex/unnamed-chunk-52-1.pd
f  used on input line 30226.
(pdftex.def)             Requested size: 469.75386pt x 325.2142pt.
<Loan-Analysis_files/figure-latex/unnamed-chunk-52-2.pdf, id=2712, 469.755pt x 
325.215pt>
File: Loan-Analysis_files/figure-latex/unnamed-chunk-52-2.pdf Graphic file (typ
e pdf)
<use Loan-Analysis_files/figure-latex/unnamed-chunk-52-2.pdf>
Package pdftex.def Info: Loan-Analysis_files/figure-latex/unnamed-chunk-52-2.pd
f  used on input line 30227.
(pdftex.def)             Requested size: 469.75386pt x 325.2142pt.
<Loan-Analysis_files/figure-latex/unnamed-chunk-52-3.pdf, id=2713, 469.755pt x 
325.215pt>
File: Loan-Analysis_files/figure-latex/unnamed-chunk-52-3.pdf Graphic file (typ
e pdf)
<use Loan-Analysis_files/figure-latex/unnamed-chunk-52-3.pdf>
Package pdftex.def Info: Loan-Analysis_files/figure-latex/unnamed-chunk-52-3.pd
f  used on input line 30228.
(pdftex.def)             Requested size: 469.75386pt x 325.2142pt.
<Loan-Analysis_files/figure-latex/unnamed-chunk-52-4.pdf, id=2714, 469.755pt x 
325.215pt>
File: Loan-Analysis_files/figure-latex/unnamed-chunk-52-4.pdf Graphic file (typ
e pdf)
<use Loan-Analysis_files/figure-latex/unnamed-chunk-52-4.pdf>
Package pdftex.def Info: Loan-Analysis_files/figure-latex/unnamed-chunk-52-4.pd
f  used on input line 30229.
(pdftex.def)             Requested size: 469.75386pt x 325.2142pt.

Underfull \hbox (badness 10000) in paragraph at lines 30226--30230
[][]
 []


Underfull \hbox (badness 10000) in paragraph at lines 30226--30230
[]
 []


Underfull \hbox (badness 10000) in paragraph at lines 30226--30230
[]
 []

[581 <./Loan-Analysis_files/figure-latex/unnamed-chunk-51-4.pdf>] [582 <./Loan-
Analysis_files/figure-latex/unnamed-chunk-52-1.pdf>] [583 <./Loan-Analysis_file
s/figure-latex/unnamed-chunk-52-2.pdf>] [584 <./Loan-Analysis_files/figure-late
x/unnamed-chunk-52-3.pdf>] [585 <./Loan-Analysis_files/figure-latex/unnamed-chu
nk-52-4.pdf>] [586]
<Loan-Analysis_files/figure-latex/unnamed-chunk-56-1.pdf, id=2766, 469.755pt x 
325.215pt>
File: Loan-Analysis_files/figure-latex/unnamed-chunk-56-1.pdf Graphic file (typ
e pdf)
<use Loan-Analysis_files/figure-latex/unnamed-chunk-56-1.pdf>
Package pdftex.def Info: Loan-Analysis_files/figure-latex/unnamed-chunk-56-1.pd
f  used on input line 30334.
(pdftex.def)             Requested size: 469.75386pt x 325.2142pt.
[587 <./Loan-Analysis_files/figure-latex/unnamed-chunk-56-1.pdf>] (Loan-Analysi
s.aux)
 ***********
LaTeX2e <2025-11-01>
L3 programming layer <2026-01-19>
 ***********
 ) 
Here is how much of TeX's memory you used:
 14893 strings out of 467866
 247897 string characters out of 5412482
 2701755 words of memory out of 5000000
 42896 multiletter control sequences out of 15000+600000
 665768 words of font info for 97 fonts, out of 8000000 for 9000
 1141 hyphenation exceptions out of 8191
 83i,6n,93p,1012b,57784s stack positions out of 10000i,1000n,20000p,200000b,200000s
<C:/Users/Mitchelle Andrews/AppData/Local/Programs/MiKTeX/fonts/type1/public/
lm/lmbx10.pfb><C:/Users/Mitchelle Andrews/AppData/Local/Programs/MiKTeX/fonts/t
ype1/public/lm/lmbx12.pfb><C:/Users/Mitchelle Andrews/AppData/Local/Programs/Mi
KTeX/fonts/type1/public/lm/lmr10.pfb><C:/Users/Mitchelle Andrews/AppData/Local/
Programs/MiKTeX/fonts/type1/public/lm/lmr12.pfb><C:/Users/Mitchelle Andrews/App
Data/Local/Programs/MiKTeX/fonts/type1/public/lm/lmr17.pfb><C:/Users/Mitchelle 
Andrews/AppData/Local/Programs/MiKTeX/fonts/type1/public/lm/lmtk10.pfb><C:/User
s/Mitchelle Andrews/AppData/Local/Programs/MiKTeX/fonts/type1/public/lm/lmtt10.
pfb><C:/Users/Mitchelle Andrews/AppData/Local/Programs/MiKTeX/fonts/type1/publi
c/lm/lmtti10.pfb>
Output written on Loan-Analysis.pdf (587 pages, 39205708 bytes).
PDF statistics:
 3070 PDF objects out of 3580 (max. 8388607)
 627 named destinations out of 1000 (max. 500000)
 20986 words of extra memory for PDF output out of 24883 (max. 10000000)

